<?xml version="1.0" encoding="UTF-8"?>
<testsuite name="mocks.crud.task.service.PersonServiceTest" tests="1" skipped="0" failures="0" errors="0" timestamp="2019-11-14T08:03:34" hostname="DESKTOP-T02QOVS" time="0.009">
  <properties/>
  <testcase name="findAllRelatives" classname="mocks.crud.task.service.PersonServiceTest" time="0.009"/>
  <system-out><![CDATA[]]></system-out>
  <system-err><![CDATA[]]></system-err>
</testsuite>
